# JRE version: OpenJDK Runtime Environment Temurin-21.0.7+6 (21.0.7+6) (build 21.0.7+6-LTS)
# Java VM: OpenJDK 64-Bit Server VM Temurin-21.0.7+6 (21.0.7+6-LTS, mixed mode, sharing, tiered, compressed oops, compressed class ptrs, parallel gc, windows-amd64)
GC Precious Log:
 CardTable entry size: 512
 CPUs: 16 total, 16 available
 Memory: 7812M
 Large Page Support: Disabled
 NUMA Support: Disabled
 Compressed Oops: Enabled (32-bit)
 Alignments: Space 512K, Generation 512K, Heap 2M
 Heap Min Capacity: 100M
 Heap Initial Capacity: 100M
 Heap Max Capacity: 2G
 Pre-touch: Disabled
 Parallel Workers: 13
Heap:
 PSYoungGen      total 6144K, used 5840K [0x00000000d5580000, 0x00000000d5d00000, 0x0000000100000000)
  eden space 4608K, 100% used [0x00000000d5580000,0x00000000d5a00000,0x00000000d5a00000)
  from space 1536K, 80% used [0x00000000d5a00000,0x00000000d5b34008,0x00000000d5b80000)
  to   space 1536K, 69% used [0x00000000d5b80000,0x00000000d5c8a070,0x00000000d5d00000)
 ParOldGen       total 179200K, used 179199K [0x0000000080000000, 0x000000008af00000, 0x00000000d5580000)
  object space 179200K, 99% used [0x0000000080000000,0x000000008aefff80,0x000000008af00000)
 Metaspace       used 57954K, committed 59200K, reserved 1114112K
  class space    used 6025K, committed 6592K, reserved 1048576K
GC Heap History (20 events):
Event: 28.057 GC heap after
{Heap after GC invocations=126 (full 2):
 PSYoungGen      total 6656K, used 1226K [0x00000000d5580000, 0x00000000d5d80000, 0x0000000100000000)
  eden space 5120K, 0% used [0x00000000d5580000,0x00000000d5580000,0x00000000d5a80000)
  from space 1536K, 79% used [0x00000000d5c00000,0x00000000d5d32830,0x00000000d5d80000)
  to   space 1536K, 0% used [0x00000000d5a80000,0x00000000d5a80000,0x00000000d5c00000)
 ParOldGen       total 168448K, used 168405K [0x0000000080000000, 0x000000008a480000, 0x00000000d5580000)
  object space 168448K, 99% used [0x0000000080000000,0x000000008a4755e0,0x000000008a480000)
 Metaspace       used 57216K, committed 58432K, reserved 1114112K
  class space    used 5972K, committed 6528K, reserved 1048576K
}
Event: 28.085 GC heap before
{Heap before GC invocations=127 (full 2):
 PSYoungGen      total 6656K, used 6346K [0x00000000d5580000, 0x00000000d5d80000, 0x0000000100000000)
  eden space 5120K, 100% used [0x00000000d5580000,0x00000000d5a80000,0x00000000d5a80000)
  from space 1536K, 79% used [0x00000000d5c00000,0x00000000d5d32830,0x00000000d5d80000)
  to   space 1536K, 0% used [0x00000000d5a80000,0x00000000d5a80000,0x00000000d5c00000)
 ParOldGen       total 168448K, used 168405K [0x0000000080000000, 0x000000008a480000, 0x00000000d5580000)
  object space 168448K, 99% used [0x0000000080000000,0x000000008a4755e0,0x000000008a480000)
 Metaspace       used 57304K, committed 58560K, reserved 1114112K
  class space    used 5982K, committed 6528K, reserved 1048576K
}
Event: 28.087 GC heap after
{Heap after GC invocations=127 (full 2):
 PSYoungGen      total 6656K, used 1520K [0x00000000d5580000, 0x00000000d6080000, 0x0000000100000000)
  eden space 5120K, 0% used [0x00000000d5580000,0x00000000d5580000,0x00000000d5a80000)
  from space 1536K, 99% used [0x00000000d5a80000,0x00000000d5bfc380,0x00000000d5c00000)
  to   space 3072K, 0% used [0x00000000d5d80000,0x00000000d5d80000,0x00000000d6080000)
 ParOldGen       total 169984K, used 169540K [0x0000000080000000, 0x000000008a600000, 0x00000000d5580000)
  object space 169984K, 99% used [0x0000000080000000,0x000000008a591020,0x000000008a600000)
 Metaspace       used 57304K, committed 58560K, reserved 1114112K
  class space    used 5982K, committed 6528K, reserved 1048576K
}
Event: 28.117 GC heap before
{Heap before GC invocations=128 (full 2):
 PSYoungGen      total 6656K, used 6640K [0x00000000d5580000, 0x00000000d6080000, 0x0000000100000000)
  eden space 5120K, 100% used [0x00000000d5580000,0x00000000d5a80000,0x00000000d5a80000)
  from space 1536K, 99% used [0x00000000d5a80000,0x00000000d5bfc380,0x00000000d5c00000)
  to   space 3072K, 0% used [0x00000000d5d80000,0x00000000d5d80000,0x00000000d6080000)
 ParOldGen       total 169984K, used 169540K [0x0000000080000000, 0x000000008a600000, 0x00000000d5580000)
  object space 169984K, 99% used [0x0000000080000000,0x000000008a591020,0x000000008a600000)
 Metaspace       used 57408K, committed 58624K, reserved 1114112K
  class space    used 5986K, committed 6528K, reserved 1048576K
}
Event: 28.119 GC heap after
{Heap after GC invocations=128 (full 2):
 PSYoungGen      total 6656K, used 1228K [0x00000000d5580000, 0x00000000d5f00000, 0x0000000100000000)
  eden space 5120K, 0% used [0x00000000d5580000,0x00000000d5580000,0x00000000d5a80000)
  from space 1536K, 79% used [0x00000000d5d80000,0x00000000d5eb3118,0x00000000d5f00000)
  to   space 2048K, 0% used [0x00000000d5b00000,0x00000000d5b00000,0x00000000d5d00000)
 ParOldGen       total 171008K, used 170831K [0x0000000080000000, 0x000000008a700000, 0x00000000d5580000)
  object space 171008K, 99% used [0x0000000080000000,0x000000008a6d3cf8,0x000000008a700000)
 Metaspace       used 57408K, committed 58624K, reserved 1114112K
  class space    used 5986K, committed 6528K, reserved 1048576K
}
Event: 28.149 GC heap before
{Heap before GC invocations=129 (full 2):
 PSYoungGen      total 6656K, used 6348K [0x00000000d5580000, 0x00000000d5f00000, 0x0000000100000000)
  eden space 5120K, 100% used [0x00000000d5580000,0x00000000d5a80000,0x00000000d5a80000)
  from space 1536K, 79% used [0x00000000d5d80000,0x00000000d5eb3118,0x00000000d5f00000)
  to   space 2048K, 0% used [0x00000000d5b00000,0x00000000d5b00000,0x00000000d5d00000)
 ParOldGen       total 171008K, used 170831K [0x0000000080000000, 0x000000008a700000, 0x00000000d5580000)
  object space 171008K, 99% used [0x0000000080000000,0x000000008a6d3cf8,0x000000008a700000)
 Metaspace       used 57523K, committed 58816K, reserved 1114112K
  class space    used 5988K, committed 6528K, reserved 1048576K
}
Event: 28.151 GC heap after
{Heap after GC invocations=129 (full 2):
 PSYoungGen      total 6656K, used 1389K [0x00000000d5580000, 0x00000000d5e00000, 0x0000000100000000)
  eden space 5120K, 0% used [0x00000000d5580000,0x00000000d5580000,0x00000000d5a80000)
  from space 1536K, 90% used [0x00000000d5b00000,0x00000000d5c5b4a0,0x00000000d5c80000)
  to   space 1536K, 0% used [0x00000000d5c80000,0x00000000d5c80000,0x00000000d5e00000)
 ParOldGen       total 172032K, used 171875K [0x0000000080000000, 0x000000008a800000, 0x00000000d5580000)
  object space 172032K, 99% used [0x0000000080000000,0x000000008a7d8fd8,0x000000008a800000)
 Metaspace       used 57523K, committed 58816K, reserved 1114112K
  class space    used 5988K, committed 6528K, reserved 1048576K
}
Event: 28.169 GC heap before
{Heap before GC invocations=130 (full 2):
 PSYoungGen      total 6656K, used 6509K [0x00000000d5580000, 0x00000000d5e00000, 0x0000000100000000)
  eden space 5120K, 100% used [0x00000000d5580000,0x00000000d5a80000,0x00000000d5a80000)
  from space 1536K, 90% used [0x00000000d5b00000,0x00000000d5c5b4a0,0x00000000d5c80000)
  to   space 1536K, 0% used [0x00000000d5c80000,0x00000000d5c80000,0x00000000d5e00000)
 ParOldGen       total 172032K, used 171875K [0x0000000080000000, 0x000000008a800000, 0x00000000d5580000)
  object space 172032K, 99% used [0x0000000080000000,0x000000008a7d8fd8,0x000000008a800000)
 Metaspace       used 57582K, committed 58944K, reserved 1114112K
  class space    used 5995K, committed 6592K, reserved 1048576K
}
Event: 28.171 GC heap after
{Heap after GC invocations=130 (full 2):
 PSYoungGen      total 6656K, used 1322K [0x00000000d5580000, 0x00000000d5e00000, 0x0000000100000000)
  eden space 5120K, 0% used [0x00000000d5580000,0x00000000d5580000,0x00000000d5a80000)
  from space 1536K, 86% used [0x00000000d5c80000,0x00000000d5dcabc0,0x00000000d5e00000)
  to   space 1536K, 0% used [0x00000000d5b00000,0x00000000d5b00000,0x00000000d5c80000)
 ParOldGen       total 173568K, used 173084K [0x0000000080000000, 0x000000008a980000, 0x00000000d5580000)
  object space 173568K, 99% used [0x0000000080000000,0x000000008a9073c0,0x000000008a980000)
 Metaspace       used 57582K, committed 58944K, reserved 1114112K
  class space    used 5995K, committed 6592K, reserved 1048576K
}
Event: 28.196 GC heap before
{Heap before GC invocations=131 (full 2):
 PSYoungGen      total 6656K, used 6442K [0x00000000d5580000, 0x00000000d5e00000, 0x0000000100000000)
  eden space 5120K, 100% used [0x00000000d5580000,0x00000000d5a80000,0x00000000d5a80000)
  from space 1536K, 86% used [0x00000000d5c80000,0x00000000d5dcabc0,0x00000000d5e00000)
  to   space 1536K, 0% used [0x00000000d5b00000,0x00000000d5b00000,0x00000000d5c80000)
 ParOldGen       total 173568K, used 173084K [0x0000000080000000, 0x000000008a980000, 0x00000000d5580000)
  object space 173568K, 99% used [0x0000000080000000,0x000000008a9073c0,0x000000008a980000)
 Metaspace       used 57685K, committed 59008K, reserved 1114112K
  class space    used 6003K, committed 6592K, reserved 1048576K
}
Event: 28.198 GC heap after
{Heap after GC invocations=131 (full 2):
 PSYoungGen      total 6656K, used 1236K [0x00000000d5580000, 0x00000000d5d80000, 0x0000000100000000)
  eden space 5120K, 0% used [0x00000000d5580000,0x00000000d5580000,0x00000000d5a80000)
  from space 1536K, 80% used [0x00000000d5b00000,0x00000000d5c351e8,0x00000000d5c80000)
  to   space 1024K, 0% used [0x00000000d5c80000,0x00000000d5c80000,0x00000000d5d80000)
 ParOldGen       total 174592K, used 174215K [0x0000000080000000, 0x000000008aa80000, 0x00000000d5580000)
  object space 174592K, 99% used [0x0000000080000000,0x000000008aa21fb0,0x000000008aa80000)
 Metaspace       used 57685K, committed 59008K, reserved 1114112K
  class space    used 6003K, committed 6592K, reserved 1048576K
}
Event: 28.219 GC heap before
{Heap before GC invocations=132 (full 2):
 PSYoungGen      total 6656K, used 6356K [0x00000000d5580000, 0x00000000d5d80000, 0x0000000100000000)
  eden space 5120K, 100% used [0x00000000d5580000,0x00000000d5a80000,0x00000000d5a80000)
  from space 1536K, 80% used [0x00000000d5b00000,0x00000000d5c351e8,0x00000000d5c80000)
  to   space 1024K, 0% used [0x00000000d5c80000,0x00000000d5c80000,0x00000000d5d80000)
 ParOldGen       total 174592K, used 174215K [0x0000000080000000, 0x000000008aa80000, 0x00000000d5580000)
  object space 174592K, 99% used [0x0000000080000000,0x000000008aa21fb0,0x000000008aa80000)
 Metaspace       used 57801K, committed 59136K, reserved 1114112K
  class space    used 6014K, committed 6592K, reserved 1048576K
}
Event: 28.222 GC heap after
{Heap after GC invocations=132 (full 2):
 PSYoungGen      total 5632K, used 997K [0x00000000d5580000, 0x00000000d5f80000, 0x0000000100000000)
  eden space 4608K, 0% used [0x00000000d5580000,0x00000000d5580000,0x00000000d5a00000)
  from space 1024K, 97% used [0x00000000d5c80000,0x00000000d5d79750,0x00000000d5d80000)
  to   space 2560K, 0% used [0x00000000d5a00000,0x00000000d5a00000,0x00000000d5c80000)
 ParOldGen       total 175616K, used 175458K [0x0000000080000000, 0x000000008ab80000, 0x00000000d5580000)
  object space 175616K, 99% used [0x0000000080000000,0x000000008ab58938,0x000000008ab80000)
 Metaspace       used 57801K, committed 59136K, reserved 1114112K
  class space    used 6014K, committed 6592K, reserved 1048576K
}
Event: 28.248 GC heap before
{Heap before GC invocations=133 (full 2):
 PSYoungGen      total 5632K, used 5605K [0x00000000d5580000, 0x00000000d5f80000, 0x0000000100000000)
  eden space 4608K, 100% used [0x00000000d5580000,0x00000000d5a00000,0x00000000d5a00000)
  from space 1024K, 97% used [0x00000000d5c80000,0x00000000d5d79750,0x00000000d5d80000)
  to   space 2560K, 0% used [0x00000000d5a00000,0x00000000d5a00000,0x00000000d5c80000)
 ParOldGen       total 175616K, used 175458K [0x0000000080000000, 0x000000008ab80000, 0x00000000d5580000)
  object space 175616K, 99% used [0x0000000080000000,0x000000008ab58938,0x000000008ab80000)
 Metaspace       used 57875K, committed 59200K, reserved 1114112K
  class space    used 6018K, committed 6592K, reserved 1048576K
}
Event: 28.251 GC heap after
{Heap after GC invocations=133 (full 2):
 PSYoungGen      total 6144K, used 1217K [0x00000000d5580000, 0x00000000d5e00000, 0x0000000100000000)
  eden space 4608K, 0% used [0x00000000d5580000,0x00000000d5580000,0x00000000d5a00000)
  from space 1536K, 79% used [0x00000000d5a00000,0x00000000d5b304d0,0x00000000d5b80000)
  to   space 2048K, 0% used [0x00000000d5c00000,0x00000000d5c00000,0x00000000d5e00000)
 ParOldGen       total 176640K, used 176389K [0x0000000080000000, 0x000000008ac80000, 0x00000000d5580000)
  object space 176640K, 99% used [0x0000000080000000,0x000000008ac41618,0x000000008ac80000)
 Metaspace       used 57875K, committed 59200K, reserved 1114112K
  class space    used 6018K, committed 6592K, reserved 1048576K
}
Event: 28.344 GC heap before
{Heap before GC invocations=134 (full 2):
 PSYoungGen      total 6144K, used 5825K [0x00000000d5580000, 0x00000000d5e00000, 0x0000000100000000)
  eden space 4608K, 100% used [0x00000000d5580000,0x00000000d5a00000,0x00000000d5a00000)
  from space 1536K, 79% used [0x00000000d5a00000,0x00000000d5b304d0,0x00000000d5b80000)
  to   space 2048K, 0% used [0x00000000d5c00000,0x00000000d5c00000,0x00000000d5e00000)
 ParOldGen       total 176640K, used 176389K [0x0000000080000000, 0x000000008ac80000, 0x00000000d5580000)
  object space 176640K, 99% used [0x0000000080000000,0x000000008ac41618,0x000000008ac80000)
 Metaspace       used 57938K, committed 59200K, reserved 1114112K
  class space    used 6022K, committed 6592K, reserved 1048576K
}
Event: 28.345 GC heap after
{Heap after GC invocations=134 (full 2):
 PSYoungGen      total 6144K, used 1228K [0x00000000d5580000, 0x00000000d5d80000, 0x0000000100000000)
  eden space 4608K, 0% used [0x00000000d5580000,0x00000000d5580000,0x00000000d5a00000)
  from space 1536K, 80% used [0x00000000d5c00000,0x00000000d5d33360,0x00000000d5d80000)
  to   space 1536K, 0% used [0x00000000d5a00000,0x00000000d5a00000,0x00000000d5b80000)
 ParOldGen       total 177664K, used 177401K [0x0000000080000000, 0x000000008ad80000, 0x00000000d5580000)
  object space 177664K, 99% used [0x0000000080000000,0x000000008ad3e7d0,0x000000008ad80000)
 Metaspace       used 57938K, committed 59200K, reserved 1114112K
  class space    used 6022K, committed 6592K, reserved 1048576K
}
Event: 28.441 GC heap before
{Heap before GC invocations=135 (full 2):
 PSYoungGen      total 6144K, used 5836K [0x00000000d5580000, 0x00000000d5d80000, 0x0000000100000000)
  eden space 4608K, 100% used [0x00000000d5580000,0x00000000d5a00000,0x00000000d5a00000)
  from space 1536K, 80% used [0x00000000d5c00000,0x00000000d5d33360,0x00000000d5d80000)
  to   space 1536K, 0% used [0x00000000d5a00000,0x00000000d5a00000,0x00000000d5b80000)
 ParOldGen       total 177664K, used 177401K [0x0000000080000000, 0x000000008ad80000, 0x00000000d5580000)
  object space 177664K, 99% used [0x0000000080000000,0x000000008ad3e7d0,0x000000008ad80000)
 Metaspace       used 57954K, committed 59200K, reserved 1114112K
  class space    used 6025K, committed 6592K, reserved 1048576K
}
Event: 28.443 GC heap after
{Heap after GC invocations=135 (full 2):
 PSYoungGen      total 6144K, used 1232K [0x00000000d5580000, 0x00000000d5d00000, 0x0000000100000000)
  eden space 4608K, 0% used [0x00000000d5580000,0x00000000d5580000,0x00000000d5a00000)
  from space 1536K, 80% used [0x00000000d5a00000,0x00000000d5b34008,0x00000000d5b80000)
  to   space 1536K, 0% used [0x00000000d5b80000,0x00000000d5b80000,0x00000000d5d00000)
 ParOldGen       total 178688K, used 178427K [0x0000000080000000, 0x000000008ae80000, 0x00000000d5580000)
  object space 178688K, 99% used [0x0000000080000000,0x000000008ae3ed08,0x000000008ae80000)
 Metaspace       used 57954K, committed 59200K, reserved 1114112K
  class space    used 6025K, committed 6592K, reserved 1048576K
}
Event: 29.488 GC heap before
{Heap before GC invocations=136 (full 2):
 PSYoungGen      total 6144K, used 5840K [0x00000000d5580000, 0x00000000d5d00000, 0x0000000100000000)
  eden space 4608K, 100% used [0x00000000d5580000,0x00000000d5a00000,0x00000000d5a00000)
  from space 1536K, 80% used [0x00000000d5a00000,0x00000000d5b34008,0x00000000d5b80000)
  to   space 1536K, 0% used [0x00000000d5b80000,0x00000000d5b80000,0x00000000d5d00000)
 ParOldGen       total 178688K, used 178427K [0x0000000080000000, 0x000000008ae80000, 0x00000000d5580000)
  object space 178688K, 99% used [0x0000000080000000,0x000000008ae3ed08,0x000000008ae80000)
 Metaspace       used 57954K, committed 59200K, reserved 1114112K
  class space    used 6025K, committed 6592K, reserved 1048576K
}

